  gui.cpp
  main.cpp
C:\Users\andre\OneDrive\Desktop\cs2-cheat-cpp-main\CS2CheatCpp\src\vector.h(80,44): warning C4244: '=': conversion from 'double' to 'float', possible loss of data
  (compiling source file 'src/main.cpp')
  
C:\Users\andre\OneDrive\Desktop\cs2-cheat-cpp-main\CS2CheatCpp\src\vector.h(84,11): warning C4244: '=': conversion from 'double' to 'float', possible loss of data
  (compiling source file 'src/main.cpp')
  
C:\Users\andre\OneDrive\Desktop\cs2-cheat-cpp-main\CS2CheatCpp\src\vector.h(102,11): warning C4244: 'initializing': conversion from 'int' to 'float', possible loss of data
  (compiling source file 'src/main.cpp')
  
C:\Users\andre\OneDrive\Desktop\cs2-cheat-cpp-main\CS2CheatCpp\src\vector.h(103,11): warning C4244: 'initializing': conversion from 'int' to 'float', possible loss of data
  (compiling source file 'src/main.cpp')
  
C:\Users\andre\OneDrive\Desktop\cs2-cheat-cpp-main\CS2CheatCpp\src\render.h(29,54): warning C4244: 'argument': conversion from 'int' to 'float', possible loss of data
  (compiling source file 'src/main.cpp')
  
C:\Users\andre\OneDrive\Desktop\cs2-cheat-cpp-main\CS2CheatCpp\src\render.h(29,51): warning C4244: 'argument': conversion from 'int' to 'float', possible loss of data
  (compiling source file 'src/main.cpp')
  
C:\Users\andre\OneDrive\Desktop\cs2-cheat-cpp-main\CS2CheatCpp\src\render.h(35,107): warning C4244: 'argument': conversion from 'int' to 'float', possible loss of data
  (compiling source file 'src/main.cpp')
  
C:\Users\andre\OneDrive\Desktop\cs2-cheat-cpp-main\CS2CheatCpp\src\render.h(35,74): warning C4244: 'argument': conversion from 'int' to 'float', possible loss of data
  (compiling source file 'src/main.cpp')
  
C:\Users\andre\OneDrive\Desktop\cs2-cheat-cpp-main\CS2CheatCpp\src\render.h(35,67): warning C4244: 'argument': conversion from 'int' to 'float', possible loss of data
  (compiling source file 'src/main.cpp')
  
C:\Users\andre\OneDrive\Desktop\cs2-cheat-cpp-main\CS2CheatCpp\src\render.h(35,54): warning C4244: 'argument': conversion from 'int' to 'float', possible loss of data
  (compiling source file 'src/main.cpp')
  
C:\Users\andre\OneDrive\Desktop\cs2-cheat-cpp-main\CS2CheatCpp\src\render.h(35,51): warning C4244: 'argument': conversion from 'int' to 'float', possible loss of data
  (compiling source file 'src/main.cpp')
  
C:\Users\andre\OneDrive\Desktop\cs2-cheat-cpp-main\CS2CheatCpp\src\render.h(38,80): warning C4244: 'argument': conversion from 'int' to 'float', possible loss of data
  (compiling source file 'src/main.cpp')
  
C:\Users\andre\OneDrive\Desktop\cs2-cheat-cpp-main\CS2CheatCpp\src\render.h(38,73): warning C4244: 'argument': conversion from 'int' to 'float', possible loss of data
  (compiling source file 'src/main.cpp')
  
C:\Users\andre\OneDrive\Desktop\cs2-cheat-cpp-main\CS2CheatCpp\src\render.h(38,60): warning C4244: 'argument': conversion from 'int' to 'float', possible loss of data
  (compiling source file 'src/main.cpp')
  
C:\Users\andre\OneDrive\Desktop\cs2-cheat-cpp-main\CS2CheatCpp\src\render.h(38,57): warning C4244: 'argument': conversion from 'int' to 'float', possible loss of data
  (compiling source file 'src/main.cpp')
  
C:\Users\andre\OneDrive\Desktop\cs2-cheat-cpp-main\CS2CheatCpp\src\main.cpp(248,7): warning C4244: 'argument': conversion from 'float' to 'int', possible loss of data
C:\Users\andre\OneDrive\Desktop\cs2-cheat-cpp-main\CS2CheatCpp\src\main.cpp(247,7): warning C4244: 'argument': conversion from 'float' to 'int', possible loss of data
C:\Users\andre\OneDrive\Desktop\cs2-cheat-cpp-main\CS2CheatCpp\src\main.cpp(246,17): warning C4244: 'argument': conversion from 'float' to 'int', possible loss of data
C:\Users\andre\OneDrive\Desktop\cs2-cheat-cpp-main\CS2CheatCpp\src\main.cpp(245,20): warning C4244: 'argument': conversion from 'float' to 'int', possible loss of data
C:\Users\andre\OneDrive\Desktop\cs2-cheat-cpp-main\CS2CheatCpp\src\main.cpp(256,17): warning C4244: 'argument': conversion from 'float' to 'int', possible loss of data
C:\Users\andre\OneDrive\Desktop\cs2-cheat-cpp-main\CS2CheatCpp\src\main.cpp(255,20): warning C4244: 'argument': conversion from 'float' to 'int', possible loss of data
C:\Users\andre\OneDrive\Desktop\cs2-cheat-cpp-main\CS2CheatCpp\src\main.cpp(265,20): warning C4244: 'argument': conversion from 'float' to 'int', possible loss of data
C:\Users\andre\OneDrive\Desktop\cs2-cheat-cpp-main\CS2CheatCpp\src\main.cpp(264,20): warning C4244: 'argument': conversion from 'float' to 'int', possible loss of data
C:\Users\andre\OneDrive\Desktop\cs2-cheat-cpp-main\CS2CheatCpp\src\main.cpp(278,7): warning C4244: 'argument': conversion from 'double' to 'int', possible loss of data
C:\Users\andre\OneDrive\Desktop\cs2-cheat-cpp-main\CS2CheatCpp\src\main.cpp(276,14): warning C4244: 'argument': conversion from 'float' to 'int', possible loss of data
C:\Users\andre\OneDrive\Desktop\cs2-cheat-cpp-main\CS2CheatCpp\src\main.cpp(274,20): warning C4244: 'argument': conversion from 'float' to 'int', possible loss of data
C:\Users\andre\OneDrive\Desktop\cs2-cheat-cpp-main\CS2CheatCpp\src\main.cpp(273,20): warning C4244: 'argument': conversion from 'float' to 'int', possible loss of data
C:\Users\andre\OneDrive\Desktop\cs2-cheat-cpp-main\CS2CheatCpp\src\main.cpp(356,25): warning C4244: '=': conversion from 'float' to 'int', possible loss of data
  Generating code
  37 of 2166 functions ( 1.7%) were compiled, the rest were copied from previous compilation.
    11 functions were new in current compilation
    50 functions had inline decision re-evaluated but remain unchanged
  Finished generating code
  CS2CheatCpp.vcxproj -> C:\Users\andre\OneDrive\Desktop\cs2-cheat-cpp-main\x64\Release\CS2CheatCpp.exe
